<?xml version="1.0" encoding="UTF-8"?>
<testng-results ignored="0" total="1" passed="1" failed="0" skipped="0">
  <reporter-output>
  </reporter-output>
  <suite started-at="2020-11-06T16:07:08 IST" name="Default suite" finished-at="2020-11-06T16:07:12 IST" duration-ms="3908">
    <groups>
    </groups>
    <test started-at="2020-11-06T16:07:08 IST" name="Default test" finished-at="2020-11-06T16:07:12 IST" duration-ms="3908">
      <class name="com.atmecs.rest.apiTesting.test.DeleteUser">
        <test-method signature="deleteUser()[pri:0, instance:com.atmecs.rest.apiTesting.test.DeleteUser@79efed2d]" started-at="2020-11-06T16:07:08 IST" name="deleteUser" finished-at="2020-11-06T16:07:12 IST" duration-ms="3873" status="PASS">
          <reporter-output>
          </reporter-output>
        </test-method> <!-- deleteUser -->
      </class> <!-- com.atmecs.rest.apiTesting.test.DeleteUser -->
    </test> <!-- Default test -->
  </suite> <!-- Default suite -->
</testng-results>
