<?xml version="1.0" encoding="UTF-8"?>
<testng-results ignored="0" total="1" passed="1" failed="0" skipped="0">
  <reporter-output>
  </reporter-output>
  <suite started-at="2020-11-09T16:17:15 IST" name="Default suite" finished-at="2020-11-09T16:17:19 IST" duration-ms="3908">
    <groups>
    </groups>
    <test started-at="2020-11-09T16:17:15 IST" name="Default test" finished-at="2020-11-09T16:17:19 IST" duration-ms="3908">
      <class name="com.atmecs.rest.apiTesting.test.PutUser">
        <test-method signature="updateUser(java.lang.Object)[pri:0, instance:com.atmecs.rest.apiTesting.test.PutUser@27ae2fd0]" started-at="2020-11-09T16:17:15 IST" name="updateUser" data-provider="createUser" finished-at="2020-11-09T16:17:19 IST" duration-ms="3856" status="PASS">
          <params>
            <param index="0">
              <value>
                <![CDATA[{"name":"Alfin Xavier","job":"SE"}]]>
              </value>
            </param>
          </params>
          <reporter-output>
          </reporter-output>
        </test-method> <!-- updateUser -->
      </class> <!-- com.atmecs.rest.apiTesting.test.PutUser -->
    </test> <!-- Default test -->
  </suite> <!-- Default suite -->
</testng-results>
